<?xml version="1.0" encoding="UTF-8"?>
<!-- Generated by org.testng.reporters.JUnitXMLReporter -->
<testsuite hostname="Priyanka" name="Practice" tests="3" failures="1" timestamp="28 Mar 2017 17:24:34 GMT" time="16.273" errors="0">
  <testcase name="test1" time="16.244" classname="PriyankaTestNgDependency.OnGroups"/>
  <testcase name="test2" time="0.002" classname="PriyankaTestNgDependency.OnGroups">
    <failure type="java.lang.AssertionError">
      <![CDATA[java.lang.AssertionError
	at PriyankaTestNgDependency.OnGroups.test2(OnGroups.java:51)
... Removed 24 stack frames]]>
    </failure>
  </testcase> <!-- test2 -->
  <testcase name="test3" time="0.001" classname="PriyankaTestNgDependency.OnGroups"/>
</testsuite> <!-- Practice -->
