<?xml version="1.0" encoding="UTF-8"?>
<!-- Generated by org.testng.reporters.JUnitXMLReporter -->
<testsuite hostname="Priyanka" name="Edureka-Project2" tests="1" failures="1" timestamp="11 Apr 2017 21:03:56 GMT" time="0.01" errors="0">
  <testcase name="selectOptions" time="0.005" classname="com.edureka.certification.test.ScreenOptionsTest">
    <failure type="java.lang.NullPointerException">
      <![CDATA[java.lang.NullPointerException
	at com.edureka.certification.test.ScreenOptionsTest.selectOptions(ScreenOptionsTest.java:23)
... Removed 24 stack frames]]>
    </failure>
  </testcase> <!-- selectOptions -->
</testsuite> <!-- Edureka-Project2 -->
