<?xml version="1.0" encoding="UTF-8"?>
<!-- Generated by org.testng.reporters.JUnitXMLReporter -->
<testsuite hostname="Priyanka" name="Default test" tests="3" failures="0" timestamp="21 Mar 2017 01:56:29 GMT" time="140.227" errors="0">
  <testcase name="testWithBrowser" time="108.555" classname="test.selenium.TestFaceBook"/>
  <testcase name="testWithBrowser" time="17.331" classname="test.selenium.TestFaceBook"/>
  <testcase name="testWithBrowser" time="13.613" classname="test.selenium.TestFaceBook"/>
</testsuite> <!-- Default test -->
