<?xml version="1.0" encoding="UTF-8"?>
<testng-results skipped="0" failed="0" total="3" passed="3">
  <reporter-output>
  </reporter-output>
  <suite name="Default suite" duration-ms="140227" started-at="2017-03-21T01:54:08Z" finished-at="2017-03-21T01:56:29Z">
    <groups>
    </groups>
    <test name="Default test" duration-ms="140227" started-at="2017-03-21T01:54:08Z" finished-at="2017-03-21T01:56:29Z">
      <class name="test.selenium.TestFaceBook">
        <test-method status="PASS" signature="launchApp()[pri:0, instance:test.selenium.TestFaceBook@35ef1869]" name="launchApp" is-config="true" duration-ms="11" started-at="2017-03-20T18:54:08Z" finished-at="2017-03-20T18:54:08Z">
          <reporter-output>
          </reporter-output>
        </test-method> <!-- launchApp -->
        <test-method status="PASS" signature="testWithBrowser(java.lang.String, java.lang.String, java.lang.String)[pri:0, instance:test.selenium.TestFaceBook@35ef1869]" name="testWithBrowser" duration-ms="108555" started-at="2017-03-20T18:54:09Z" data-provider="getLoginDataFromExcel" finished-at="2017-03-20T18:55:58Z">
          <params>
            <param index="0">
              <value>
                <![CDATA[username1@gmail.com]]>
              </value>
            </param>
            <param index="1">
              <value>
                <![CDATA[password1]]>
              </value>
            </param>
            <param index="2">
              <value>
                <![CDATA[mo]]>
              </value>
            </param>
          </params>
          <reporter-output>
          </reporter-output>
        </test-method> <!-- testWithBrowser -->
        <test-method status="PASS" signature="testWithBrowser(java.lang.String, java.lang.String, java.lang.String)[pri:0, instance:test.selenium.TestFaceBook@35ef1869]" name="testWithBrowser" duration-ms="17331" started-at="2017-03-20T18:55:58Z" data-provider="getLoginDataFromExcel" finished-at="2017-03-20T18:56:15Z">
          <params>
            <param index="0">
              <value>
                <![CDATA[username2@gmail.com]]>
              </value>
            </param>
            <param index="1">
              <value>
                <![CDATA[password2]]>
              </value>
            </param>
            <param index="2">
              <value>
                <![CDATA[mo]]>
              </value>
            </param>
          </params>
          <reporter-output>
          </reporter-output>
        </test-method> <!-- testWithBrowser -->
        <test-method status="PASS" signature="testWithBrowser(java.lang.String, java.lang.String, java.lang.String)[pri:0, instance:test.selenium.TestFaceBook@35ef1869]" name="testWithBrowser" duration-ms="13613" started-at="2017-03-20T18:56:15Z" data-provider="getLoginDataFromExcel" finished-at="2017-03-20T18:56:29Z">
          <params>
            <param index="0">
              <value>
                <![CDATA[venugopal.vellepu@walkingtree.in]]>
              </value>
            </param>
            <param index="1">
              <value>
                <![CDATA[Testing]]>
              </value>
            </param>
            <param index="2">
              <value>
                <![CDATA[mo]]>
              </value>
            </param>
          </params>
          <reporter-output>
          </reporter-output>
        </test-method> <!-- testWithBrowser -->
      </class> <!-- test.selenium.TestFaceBook -->
    </test> <!-- Default test -->
  </suite> <!-- Default suite -->
</testng-results>
